This is TeX, Version 3.14159265 (TeX Live 2019/dev/Debian) (preloaded format=tex 2019.9.8)  25 DEC 2019 21:12
**differ.tex
(./differ.tex
! Undefined control sequence.
l.1 \documentclass
                  [a4paper,12pt]{article}
? q
OK, entering \batchmode...
! Undefined control sequence.
l.2 \usepackage
               [T2A]{fontenc}
The control sequence at the end of the top line
of your error message was never \def'ed. If you have
misspelled it (e.g., `\hobx'), type `I' and the correct
spelling (e.g., `I\hbox'). Otherwise just continue,
and I'll forget about whatever was undefined.

! Undefined control sequence.
l.3 \usepackage
               [utf8]{inputenc}
The control sequence at the end of the top line
of your error message was never \def'ed. If you have
misspelled it (e.g., `\hobx'), type `I' and the correct
spelling (e.g., `I\hbox'). Otherwise just continue,
and I'll forget about whatever was undefined.

! Undefined control sequence.
l.4 \usepackage
               [english,russian]{babel}
The control sequence at the end of the top line
of your error message was never \def'ed. If you have
misspelled it (e.g., `\hobx'), type `I' and the correct
spelling (e.g., `I\hbox'). Otherwise just continue,
and I'll forget about whatever was undefined.

! Undefined control sequence.
l.5 \usepackage
               {amsmath,amsfonts,amssymb,amsthm,mathtools}
The control sequence at the end of the top line
of your error message was never \def'ed. If you have
misspelled it (e.g., `\hobx'), type `I' and the correct
spelling (e.g., `I\hbox'). Otherwise just continue,
and I'll forget about whatever was undefined.

! Undefined control sequence.
l.6 \author
           {By Borisenkov }
The control sequence at the end of the top line
of your error message was never \def'ed. If you have
misspelled it (e.g., `\hobx'), type `I' and the correct
spelling (e.g., `I\hbox'). Otherwise just continue,
and I'll forget about whatever was undefined.

! Undefined control sequence.
l.7 \title
          {Differentiator \LaTeX{}}
The control sequence at the end of the top line
of your error message was never \def'ed. If you have
misspelled it (e.g., `\hobx'), type `I' and the correct
spelling (e.g., `I\hbox'). Otherwise just continue,
and I'll forget about whatever was undefined.

! Undefined control sequence.
l.7 \title{Differentiator \LaTeX
                                {}}
The control sequence at the end of the top line
of your error message was never \def'ed. If you have
misspelled it (e.g., `\hobx'), type `I' and the correct
spelling (e.g., `I\hbox'). Otherwise just continue,
and I'll forget about whatever was undefined.

! Undefined control sequence.
l.8 \date
         {\today}\begin{document}
The control sequence at the end of the top line
of your error message was never \def'ed. If you have
misspelled it (e.g., `\hobx'), type `I' and the correct
spelling (e.g., `I\hbox'). Otherwise just continue,
and I'll forget about whatever was undefined.

! Undefined control sequence.
l.8 \date{\today
                }\begin{document}
The control sequence at the end of the top line
of your error message was never \def'ed. If you have
misspelled it (e.g., `\hobx'), type `I' and the correct
spelling (e.g., `I\hbox'). Otherwise just continue,
and I'll forget about whatever was undefined.

! Undefined control sequence.
l.8 \date{\today}\begin
                       {document}
The control sequence at the end of the top line
of your error message was never \def'ed. If you have
misspelled it (e.g., `\hobx'), type `I' and the correct
spelling (e.g., `I\hbox'). Otherwise just continue,
and I'll forget about whatever was undefined.

! Undefined control sequence.
l.9 \maketitle
              
The control sequence at the end of the top line
of your error message was never \def'ed. If you have
misspelled it (e.g., `\hobx'), type `I' and the correct
spelling (e.g., `I\hbox'). Otherwise just continue,
and I'll forget about whatever was undefined.

! Undefined control sequence.
l.10 \newpage
             
The control sequence at the end of the top line
of your error message was never \def'ed. If you have
misspelled it (e.g., `\hobx'), type `I' and the correct
spelling (e.g., `I\hbox'). Otherwise just continue,
and I'll forget about whatever was undefined.

Missing character: There is no ^^d0 in font cmr10!
Missing character: There is no ^^9f in font cmr10!
Missing character: There is no ^^d1 in font cmr10!
Missing character: There is no ^^80 in font cmr10!
Missing character: There is no ^^d0 in font cmr10!
Missing character: There is no ^^b5 in font cmr10!
Missing character: There is no ^^d0 in font cmr10!
Missing character: There is no ^^b7 in font cmr10!
Missing character: There is no ^^d1 in font cmr10!
Missing character: There is no ^^80 in font cmr10!
Missing character: There is no ^^d0 in font cmr10!
Missing character: There is no ^^b5 in font cmr10!
Missing character: There is no ^^d0 in font cmr10!
Missing character: There is no ^^bd in font cmr10!
Missing character: There is no ^^d0 in font cmr10!
Missing character: There is no ^^bd in font cmr10!
Missing character: There is no ^^d1 in font cmr10!
Missing character: There is no ^^8b in font cmr10!
Missing character: There is no ^^d0 in font cmr10!
Missing character: There is no ^^b9 in font cmr10!
Missing character: There is no ^^d1 in font cmr10!
Missing character: There is no ^^82 in font cmr10!
Missing character: There is no ^^d0 in font cmr10!
Missing character: There is no ^^b5 in font cmr10!
Missing character: There is no ^^d0 in font cmr10!
Missing character: There is no ^^b1 in font cmr10!
Missing character: There is no ^^d0 in font cmr10!
Missing character: There is no ^^b5 in font cmr10!
Missing character: There is no ^^d1 in font cmr10!
Missing character: There is no ^^87 in font cmr10!
Missing character: There is no ^^d1 in font cmr10!
Missing character: There is no ^^82 in font cmr10!
Missing character: There is no ^^d0 in font cmr10!
Missing character: There is no ^^be in font cmr10!
Missing character: There is no ^^d0 in font cmr10!
Missing character: There is no ^^bd in font cmr10!
Missing character: There is no ^^d0 in font cmr10!
Missing character: There is no ^^b5 in font cmr10!
Missing character: There is no ^^d0 in font cmr10!
Missing character: There is no ^^b8 in font cmr10!
Missing character: There is no ^^d0 in font cmr10!
Missing character: There is no ^^b7 in font cmr10!
Missing character: There is no ^^d0 in font cmr10!
Missing character: There is no ^^b2 in font cmr10!
Missing character: There is no ^^d0 in font cmr10!
Missing character: There is no ^^b5 in font cmr10!
Missing character: There is no ^^d1 in font cmr10!
Missing character: There is no ^^81 in font cmr10!
Missing character: There is no ^^d1 in font cmr10!
Missing character: There is no ^^82 in font cmr10!
Missing character: There is no ^^d0 in font cmr10!
Missing character: There is no ^^bd in font cmr10!
Missing character: There is no ^^d0 in font cmr10!
Missing character: There is no ^^be in font cmr10!
Missing character: There is no ^^d0 in font cmr10!
Missing character: There is no ^^ba in font cmr10!
Missing character: There is no ^^d0 in font cmr10!
Missing character: There is no ^^b0 in font cmr10!
Missing character: There is no ^^d0 in font cmr10!
Missing character: There is no ^^ba in font cmr10!
Missing character: There is no ^^d0 in font cmr10!
Missing character: There is no ^^bd in font cmr10!
Missing character: There is no ^^d0 in font cmr10!
Missing character: There is no ^^b0 in font cmr10!
Missing character: There is no ^^d0 in font cmr10!
Missing character: There is no ^^b9 in font cmr10!
Missing character: There is no ^^d1 in font cmr10!
Missing character: There is no ^^82 in font cmr10!
Missing character: There is no ^^d0 in font cmr10!
Missing character: There is no ^^b8 in font cmr10!
Missing character: There is no ^^d1 in font cmr10!
Missing character: There is no ^^82 in font cmr10!
Missing character: There is no ^^d0 in font cmr10!
Missing character: There is no ^^b0 in font cmr10!
Missing character: There is no ^^d0 in font cmr10!
Missing character: There is no ^^ba in font cmr10!
Missing character: There is no ^^d1 in font cmr10!
Missing character: There is no ^^83 in font cmr10!
Missing character: There is no ^^d1 in font cmr10!
Missing character: There is no ^^8e in font cmr10!
Missing character: There is no ^^d0 in font cmr10!
Missing character: There is no ^^bf in font cmr10!
Missing character: There is no ^^d1 in font cmr10!
Missing character: There is no ^^80 in font cmr10!
Missing character: There is no ^^d0 in font cmr10!
Missing character: There is no ^^be in font cmr10!
Missing character: There is no ^^d0 in font cmr10!
Missing character: There is no ^^b8 in font cmr10!
Missing character: There is no ^^d0 in font cmr10!
Missing character: There is no ^^b7 in font cmr10!
Missing character: There is no ^^d0 in font cmr10!
Missing character: There is no ^^b2 in font cmr10!
Missing character: There is no ^^d0 in font cmr10!
Missing character: There is no ^^be in font cmr10!
Missing character: There is no ^^d0 in font cmr10!
Missing character: There is no ^^b4 in font cmr10!
Missing character: There is no ^^d0 in font cmr10!
Missing character: There is no ^^bd in font cmr10!
Missing character: There is no ^^d1 in font cmr10!
Missing character: There is no ^^83 in font cmr10!
Missing character: There is no ^^d1 in font cmr10!
Missing character: There is no ^^8e in font cmr10!
Missing character: There is no ^^d0 in font cmr10!
Missing character: There is no ^^a2 in font cmr10!
Missing character: There is no ^^d0 in font cmr10!
Missing character: There is no ^^b0 in font cmr10!
Missing character: There is no ^^d0 in font cmr10!
Missing character: There is no ^^ba in font cmr10!
Missing character: There is no ^^d1 in font cmr10!
Missing character: There is no ^^83 in font cmr10!
Missing character: There is no ^^d0 in font cmr10!
Missing character: There is no ^^b6 in font cmr10!
Missing character: There is no ^^d0 in font cmr10!
Missing character: There is no ^^b8 in font cmr10!
Missing character: There is no ^^d0 in font cmr10!
Missing character: There is no ^^b1 in font cmr10!
Missing character: There is no ^^d1 in font cmr10!
Missing character: There is no ^^8b in font cmr10!
Missing character: There is no ^^d1 in font cmr10!
Missing character: There is no ^^82 in font cmr10!
Missing character: There is no ^^d1 in font cmr10!
Missing character: There is no ^^8c in font cmr10!
Missing character: There is no ^^d1 in font cmr10!
Missing character: There is no ^^8f in font cmr10!
Missing character: There is no ^^d0 in font cmr10!
Missing character: There is no ^^bd in font cmr10!
Missing character: There is no ^^d0 in font cmr10!
Missing character: There is no ^^b0 in font cmr10!
Missing character: There is no ^^d0 in font cmr10!
Missing character: There is no ^^b9 in font cmr10!
Missing character: There is no ^^d0 in font cmr10!
Missing character: There is no ^^b4 in font cmr10!
Missing character: There is no ^^d1 in font cmr10!
Missing character: There is no ^^83 in font cmr10!
Missing character: There is no ^^d0 in font cmr10!
Missing character: There is no ^^b5 in font cmr10!
Missing character: There is no ^^d1 in font cmr10!
Missing character: There is no ^^91 in font cmr10!
Missing character: There is no ^^d0 in font cmr10!
Missing character: There is no ^^b4 in font cmr10!
Missing character: There is no ^^d0 in font cmr10!
Missing character: There is no ^^bb in font cmr10!
Missing character: There is no ^^d1 in font cmr10!
Missing character: There is no ^^8f in font cmr10!
Missing character: There is no ^^d1 in font cmr10!
Missing character: There is no ^^82 in font cmr10!
Missing character: There is no ^^d0 in font cmr10!
Missing character: There is no ^^b5 in font cmr10!
Missing character: There is no ^^d0 in font cmr10!
Missing character: There is no ^^b1 in font cmr10!
Missing character: There is no ^^d1 in font cmr10!
Missing character: There is no ^^8f in font cmr10!
Missing character: There is no ^^d0 in font cmr10!
Missing character: There is no ^^a1 in font cmr10!
Missing character: There is no ^^d0 in font cmr10!
Missing character: There is no ^^bb in font cmr10!
Missing character: There is no ^^d0 in font cmr10!
Missing character: There is no ^^b8 in font cmr10!
Missing character: There is no ^^d1 in font cmr10!
Missing character: There is no ^^88 in font cmr10!
Missing character: There is no ^^d0 in font cmr10!
Missing character: There is no ^^ba in font cmr10!
Missing character: There is no ^^d0 in font cmr10!
Missing character: There is no ^^be in font cmr10!
Missing character: There is no ^^d0 in font cmr10!
Missing character: There is no ^^bc in font cmr10!
Missing character: There is no ^^d0 in font cmr10!
Missing character: There is no ^^b8 in font cmr10!
Missing character: There is no ^^d0 in font cmr10!
Missing character: There is no ^^b7 in font cmr10!
Missing character: There is no ^^d0 in font cmr10!
Missing character: There is no ^^b8 in font cmr10!
Missing character: There is no ^^d1 in font cmr10!
Missing character: There is no ^^84 in font cmr10!
Missing character: There is no ^^d0 in font cmr10!
Missing character: There is no ^^be in font cmr10!
Missing character: There is no ^^d1 in font cmr10!
Missing character: There is no ^^80 in font cmr10!
Missing character: There is no ^^d0 in font cmr10!
Missing character: There is no ^^bc in font cmr10!
Missing character: There is no ^^d0 in font cmr10!
Missing character: There is no ^^b8 in font cmr10!
Missing character: There is no ^^d0 in font cmr10!
Missing character: There is no ^^a7 in font cmr10!
Missing character: There is no ^^d1 in font cmr10!
Missing character: There is no ^^82 in font cmr10!
Missing character: There is no ^^d0 in font cmr10!
Missing character: There is no ^^be in font cmr10!
Missing character: There is no ^^d0 in font cmr10!
Missing character: There is no ^^b1 in font cmr10!
Missing character: There is no ^^d1 in font cmr10!
Missing character: There is no ^^8b in font cmr10!
Missing character: There is no ^^d1 in font cmr10!
Missing character: There is no ^^82 in font cmr10!
Missing character: There is no ^^d1 in font cmr10!
Missing character: There is no ^^8b in font cmr10!
Missing character: There is no ^^d1 in font cmr10!
Missing character: There is no ^^85 in font cmr10!
Missing character: There is no ^^d0 in font cmr10!
Missing character: There is no ^^be in font cmr10!
Missing character: There is no ^^d1 in font cmr10!
Missing character: There is no ^^82 in font cmr10!
Missing character: There is no ^^d1 in font cmr10!
Missing character: There is no ^^8f in font cmr10!
Missing character: There is no ^^d0 in font cmr10!
Missing character: There is no ^^b1 in font cmr10!
Missing character: There is no ^^d1 in font cmr10!
Missing character: There is no ^^8b in font cmr10!
Missing character: There is no ^^d1 in font cmr10!
Missing character: There is no ^^87 in font cmr10!
Missing character: There is no ^^d1 in font cmr10!
Missing character: There is no ^^82 in font cmr10!
Missing character: There is no ^^d0 in font cmr10!
Missing character: There is no ^^be in font cmr10!
Missing character: There is no ^^d1 in font cmr10!
Missing character: There is no ^^82 in font cmr10!
Missing character: There is no ^^d0 in font cmr10!
Missing character: There is no ^^be in font cmr10!
Missing character: There is no ^^d0 in font cmr10!
Missing character: There is no ^^bf in font cmr10!
Missing character: There is no ^^d0 in font cmr10!
Missing character: There is no ^^be in font cmr10!
Missing character: There is no ^^d0 in font cmr10!
Missing character: There is no ^^bd in font cmr10!
Missing character: There is no ^^d1 in font cmr10!
Missing character: There is no ^^8f in font cmr10!
Missing character: There is no ^^d0 in font cmr10!
Missing character: There is no ^^bb in font cmr10!
Missing character: There is no ^^d1 in font cmr10!
Missing character: There is no ^^8f in font cmr10!
Missing character: There is no ^^d1 in font cmr10!
Missing character: There is no ^^80 in font cmr10!
Missing character: There is no ^^d0 in font cmr10!
Missing character: There is no ^^b0 in font cmr10!
Missing character: There is no ^^d1 in font cmr10!
Missing character: There is no ^^81 in font cmr10!
Missing character: There is no ^^d1 in font cmr10!
Missing character: There is no ^^81 in font cmr10!
Missing character: There is no ^^d0 in font cmr10!
Missing character: There is no ^^bc in font cmr10!
Missing character: There is no ^^d0 in font cmr10!
Missing character: There is no ^^be in font cmr10!
Missing character: There is no ^^d1 in font cmr10!
Missing character: There is no ^^82 in font cmr10!
Missing character: There is no ^^d1 in font cmr10!
Missing character: There is no ^^80 in font cmr10!
Missing character: There is no ^^d1 in font cmr10!
Missing character: There is no ^^8e in font cmr10!
Missing character: There is no ^^d0 in font cmr10!
Missing character: There is no ^^bf in font cmr10!
Missing character: There is no ^^d1 in font cmr10!
Missing character: There is no ^^80 in font cmr10!
Missing character: There is no ^^d0 in font cmr10!
Missing character: There is no ^^be in font cmr10!
Missing character: There is no ^^d0 in font cmr10!
Missing character: There is no ^^b8 in font cmr10!
Missing character: There is no ^^d0 in font cmr10!
Missing character: There is no ^^b7 in font cmr10!
Missing character: There is no ^^d0 in font cmr10!
Missing character: There is no ^^b2 in font cmr10!
Missing character: There is no ^^d0 in font cmr10!
Missing character: There is no ^^be in font cmr10!
Missing character: There is no ^^d0 in font cmr10!
Missing character: There is no ^^b4 in font cmr10!
Missing character: There is no ^^d0 in font cmr10!
Missing character: There is no ^^bd in font cmr10!
Missing character: There is no ^^d1 in font cmr10!
Missing character: There is no ^^8b in font cmr10!
Missing character: There is no ^^d0 in font cmr10!
Missing character: There is no ^^b5 in font cmr10!
Missing character: There is no ^^d1 in font cmr10!
Missing character: There is no ^^84 in font cmr10!
Missing character: There is no ^^d1 in font cmr10!
Missing character: There is no ^^83 in font cmr10!
Missing character: There is no ^^d0 in font cmr10!
Missing character: There is no ^^bd in font cmr10!
Missing character: There is no ^^d0 in font cmr10!
Missing character: There is no ^^ba in font cmr10!
Missing character: There is no ^^d1 in font cmr10!
Missing character: There is no ^^86 in font cmr10!
Missing character: There is no ^^d0 in font cmr10!
Missing character: There is no ^^b8 in font cmr10!
Missing character: There is no ^^d0 in font cmr10!
Missing character: There is no ^^b8 in font cmr10!
Missing character: There is no ^^d0 in font cmr10!
Missing character: There is no ^^bf in font cmr10!
Missing character: There is no ^^d0 in font cmr10!
Missing character: There is no ^^be in font cmr10!
Missing character: There is no ^^d1 in font cmr10!
Missing character: There is no ^^87 in font cmr10!
Missing character: There is no ^^d0 in font cmr10!
Missing character: There is no ^^b0 in font cmr10!
Missing character: There is no ^^d1 in font cmr10!
Missing character: There is no ^^81 in font cmr10!
Missing character: There is no ^^d1 in font cmr10!
Missing character: There is no ^^82 in font cmr10!
Missing character: There is no ^^d1 in font cmr10!
Missing character: There is no ^^8f in font cmr10!
Missing character: There is no ^^d0 in font cmr10!
Missing character: There is no ^^bc in font cmr10!
Missing character: There is no ^^d0 in font cmr10!
Missing character: There is no ^^9e in font cmr10!
Missing character: There is no ^^d1 in font cmr10!
Missing character: There is no ^^87 in font cmr10!
Missing character: There is no ^^d0 in font cmr10!
Missing character: There is no ^^b5 in font cmr10!
Missing character: There is no ^^d0 in font cmr10!
Missing character: There is no ^^b2 in font cmr10!
Missing character: There is no ^^d0 in font cmr10!
Missing character: There is no ^^b8 in font cmr10!
Missing character: There is no ^^d0 in font cmr10!
Missing character: There is no ^^b4 in font cmr10!
Missing character: There is no ^^d0 in font cmr10!
Missing character: There is no ^^bd in font cmr10!
Missing character: There is no ^^d0 in font cmr10!
Missing character: There is no ^^be in font cmr10!
Missing character: There is no ^^d1 in font cmr10!
Missing character: There is no ^^87 in font cmr10!
Missing character: There is no ^^d1 in font cmr10!
Missing character: There is no ^^82 in font cmr10!
Missing character: There is no ^^d0 in font cmr10!
Missing character: There is no ^^be in font cmr10!
! Undefined control sequence.
l.15 \begin
           {equation}
The control sequence at the end of the top line
of your error message was never \def'ed. If you have
misspelled it (e.g., `\hobx'), type `I' and the correct
spelling (e.g., `I\hbox'). Otherwise just continue,
and I'll forget about whatever was undefined.

! Missing $ inserted.
<inserted text> 
                $
<to be read again> 
                   \left 
l.16 \left
          ( {x }^ {2 }\right)' =
I've inserted a begin-math/end-math symbol since I think
you left one out. Proceed, with fingers crossed.

! Missing $ inserted.
<inserted text> 
                $
<to be read again> 
                   \end 
l.17 \end
         {equation}
I've inserted a begin-math/end-math symbol since I think
you left one out. Proceed, with fingers crossed.


Overfull \hbox (67.55179pt too wide) in paragraph at lines 1--17
[]\tenrm [a4paper,12pt]article [T2A]fontenc [utf8]inputenc [en-glish,russian]ba
bel ams-math,amsfonts,amssymb,amsthm,mathtools|

\hbox(7.5+2.5)x469.75499, glue set - 1.0
.\hbox(0.0+0.0)x20.0
.\tenrm [
.\tenrm a
.\tenrm 4
.\tenrm p
.etc.

 [1] )
Output written on differ.dvi (1 page, 684 bytes).
